2023-12-20T19:04:54:INFO: { "OS": "Linux", "video_adapter_driver_info": ["", ""], "screen_size": (3840, 2160), "screen_dpi": 163, "screen_scale": 1, "cores": 24, "locale": "en_US" }
2023-12-20T19:04:54:INFO: [_step_commands: 0]
Godot Engine v4.2.1.stable.official (c) 2007-present Juan Linietsky, Ariel Manzur & Godot Contributors.
--- Debug adapter server started ---
--- GDScript language server started on port 6008 ---
  Couldn't open directory at path "res://addons/godot_tours/tours".
  Couldn't open directory at path "res://addons/godot_tours/tours".

2023-12-20T19:04:59:INFO: [_step_commands: 1]
Godot Engine v4.2.1.stable.official (c) 2007-present Juan Linietsky, Ariel Manzur & Godot Contributors.
--- Debug adapter server started ---
--- GDScript language server started on port 6008 ---
  Couldn't open directory at path "res://addons/godot_tours/tours".
  Couldn't open directory at path "res://addons/godot_tours/tours".
  scene/animation/animation_mixer.cpp:879 - AnimationMixer: 'expression_neutral', Value Track: 'Root/EyeLAnchor/EyeL/Eyebrow:texture' uses a non-numeric type as key value with UpdateMode.UPDATE_CONTINUOUS. This will not be blended correctly, so it is forced to UpdateMode.UPDATE_DISCRETE. (User)

2023-12-20T19:05:04:INFO: [_step_commands: 2]
Godot Engine v4.2.1.stable.official.b09f793f5 - https://godotengine.org
Vulkan API 1.3.255 - Forward Mobile - Using Vulkan Device #0: AMD - AMD Radeon RX 6600 XT (RADV NAVI23)
 
--- Debugging process stopped ---

2023-12-20T19:05:05:INFO: [_step_commands: 3]
Godot Engine v4.2.1.stable.official.b09f793f5 - https://godotengine.org
Vulkan API 1.3.255 - Forward Mobile - Using Vulkan Device #0: AMD - AMD Radeon RX 6600 XT (RADV NAVI23)
 
--- Debugging process stopped ---

2023-12-20T19:05:06:INFO: [_step_commands: 4]
Godot Engine v4.2.1.stable.official.b09f793f5 - https://godotengine.org
Vulkan API 1.3.255 - Forward Mobile - Using Vulkan Device #0: AMD - AMD Radeon RX 6600 XT (RADV NAVI23)
 
--- Debugging process stopped ---

2023-12-20T19:05:06:INFO: [_step_commands: 5]
Godot Engine v4.2.1.stable.official.b09f793f5 - https://godotengine.org
Vulkan API 1.3.255 - Forward Mobile - Using Vulkan Device #0: AMD - AMD Radeon RX 6600 XT (RADV NAVI23)
 
--- Debugging process stopped ---

2023-12-20T19:05:07:INFO: [_step_commands: 6]
Godot Engine v4.2.1.stable.official.b09f793f5 - https://godotengine.org
Vulkan API 1.3.255 - Forward Mobile - Using Vulkan Device #0: AMD - AMD Radeon RX 6600 XT (RADV NAVI23)
 
--- Debugging process stopped ---

2023-12-20T19:05:08:INFO: [_step_commands: 7]
Godot Engine v4.2.1.stable.official.b09f793f5 - https://godotengine.org
Vulkan API 1.3.255 - Forward Mobile - Using Vulkan Device #0: AMD - AMD Radeon RX 6600 XT (RADV NAVI23)
 
--- Debugging process stopped ---

2023-12-20T19:05:09:INFO: [_step_commands: 8]
Godot Engine v4.2.1.stable.official.b09f793f5 - https://godotengine.org
Vulkan API 1.3.255 - Forward Mobile - Using Vulkan Device #0: AMD - AMD Radeon RX 6600 XT (RADV NAVI23)
 
--- Debugging process stopped ---

2023-12-20T19:05:10:INFO: [_step_commands: 9]
Godot Engine v4.2.1.stable.official.b09f793f5 - https://godotengine.org
Vulkan API 1.3.255 - Forward Mobile - Using Vulkan Device #0: AMD - AMD Radeon RX 6600 XT (RADV NAVI23)
 
--- Debugging process stopped ---

2023-12-20T19:05:11:INFO: [_step_commands: 10]
Godot Engine v4.2.1.stable.official.b09f793f5 - https://godotengine.org
Vulkan API 1.3.255 - Forward Mobile - Using Vulkan Device #0: AMD - AMD Radeon RX 6600 XT (RADV NAVI23)
 
--- Debugging process stopped ---

2023-12-20T19:05:12:INFO: [_step_commands: 11]
Godot Engine v4.2.1.stable.official.b09f793f5 - https://godotengine.org
Vulkan API 1.3.255 - Forward Mobile - Using Vulkan Device #0: AMD - AMD Radeon RX 6600 XT (RADV NAVI23)
 
--- Debugging process stopped ---

2023-12-20T19:05:14:INFO: [_step_commands: 12]
Godot Engine v4.2.1.stable.official.b09f793f5 - https://godotengine.org
Vulkan API 1.3.255 - Forward Mobile - Using Vulkan Device #0: AMD - AMD Radeon RX 6600 XT (RADV NAVI23)
 
--- Debugging process stopped ---

2023-12-20T19:05:15:INFO: [_step_commands: 13]
Godot Engine v4.2.1.stable.official.b09f793f5 - https://godotengine.org
Vulkan API 1.3.255 - Forward Mobile - Using Vulkan Device #0: AMD - AMD Radeon RX 6600 XT (RADV NAVI23)
 
--- Debugging process stopped ---

2023-12-20T19:05:16:INFO: [_step_commands: 14]
Godot Engine v4.2.1.stable.official.b09f793f5 - https://godotengine.org
Vulkan API 1.3.255 - Forward Mobile - Using Vulkan Device #0: AMD - AMD Radeon RX 6600 XT (RADV NAVI23)
 
--- Debugging process stopped ---

2023-12-20T19:05:19:INFO: [_step_commands: 15]
Godot Engine v4.2.1.stable.official.b09f793f5 - https://godotengine.org
Vulkan API 1.3.255 - Forward Mobile - Using Vulkan Device #0: AMD - AMD Radeon RX 6600 XT (RADV NAVI23)
 
--- Debugging process stopped ---

2023-12-20T19:05:20:INFO: [_step_commands: 16]
Godot Engine v4.2.1.stable.official.b09f793f5 - https://godotengine.org
Vulkan API 1.3.255 - Forward Mobile - Using Vulkan Device #0: AMD - AMD Radeon RX 6600 XT (RADV NAVI23)
 
--- Debugging process stopped ---

2023-12-20T19:05:21:INFO: [_step_commands: 17]
Godot Engine v4.2.1.stable.official.b09f793f5 - https://godotengine.org
Vulkan API 1.3.255 - Forward Mobile - Using Vulkan Device #0: AMD - AMD Radeon RX 6600 XT (RADV NAVI23)
 
--- Debugging process stopped ---

2023-12-20T19:05:24:INFO: [_step_commands: 18]
Godot Engine v4.2.1.stable.official.b09f793f5 - https://godotengine.org
Vulkan API 1.3.255 - Forward Mobile - Using Vulkan Device #0: AMD - AMD Radeon RX 6600 XT (RADV NAVI23)
 
--- Debugging process stopped ---

2023-12-20T19:05:28:INFO: [_step_commands: 19]
Godot Engine v4.2.1.stable.official.b09f793f5 - https://godotengine.org
Vulkan API 1.3.255 - Forward Mobile - Using Vulkan Device #0: AMD - AMD Radeon RX 6600 XT (RADV NAVI23)
 
--- Debugging process stopped ---

2023-12-20T19:05:29:INFO: [_step_commands: 20]
Godot Engine v4.2.1.stable.official.b09f793f5 - https://godotengine.org
Vulkan API 1.3.255 - Forward Mobile - Using Vulkan Device #0: AMD - AMD Radeon RX 6600 XT (RADV NAVI23)
 
--- Debugging process stopped ---

2023-12-20T19:05:32:INFO: [_step_commands: 21]
Godot Engine v4.2.1.stable.official.b09f793f5 - https://godotengine.org
Vulkan API 1.3.255 - Forward Mobile - Using Vulkan Device #0: AMD - AMD Radeon RX 6600 XT (RADV NAVI23)
 
--- Debugging process stopped ---

2023-12-20T19:05:34:INFO: [_step_commands: 22]
Godot Engine v4.2.1.stable.official.b09f793f5 - https://godotengine.org
Vulkan API 1.3.255 - Forward Mobile - Using Vulkan Device #0: AMD - AMD Radeon RX 6600 XT (RADV NAVI23)
 
--- Debugging process stopped ---

2023-12-20T19:05:36:INFO: [_step_commands: 23]
Godot Engine v4.2.1.stable.official.b09f793f5 - https://godotengine.org
Vulkan API 1.3.255 - Forward Mobile - Using Vulkan Device #0: AMD - AMD Radeon RX 6600 XT (RADV NAVI23)
 
--- Debugging process stopped ---

2023-12-20T19:05:39:INFO: [_step_commands: 24]
Godot Engine v4.2.1.stable.official.b09f793f5 - https://godotengine.org
Vulkan API 1.3.255 - Forward Mobile - Using Vulkan Device #0: AMD - AMD Radeon RX 6600 XT (RADV NAVI23)
 
--- Debugging process stopped ---

2023-12-20T19:05:41:INFO: [_step_commands: 25]
Godot Engine v4.2.1.stable.official.b09f793f5 - https://godotengine.org
Vulkan API 1.3.255 - Forward Mobile - Using Vulkan Device #0: AMD - AMD Radeon RX 6600 XT (RADV NAVI23)
 
--- Debugging process stopped ---

2023-12-20T19:05:43:INFO: [_step_commands: 26]
Godot Engine v4.2.1.stable.official.b09f793f5 - https://godotengine.org
Vulkan API 1.3.255 - Forward Mobile - Using Vulkan Device #0: AMD - AMD Radeon RX 6600 XT (RADV NAVI23)
 
--- Debugging process stopped ---

2023-12-20T19:05:45:INFO: [_step_commands: 27]
Godot Engine v4.2.1.stable.official.b09f793f5 - https://godotengine.org
Vulkan API 1.3.255 - Forward Mobile - Using Vulkan Device #0: AMD - AMD Radeon RX 6600 XT (RADV NAVI23)
 
--- Debugging process stopped ---

2023-12-20T19:05:46:INFO: [_step_commands: 28]
Godot Engine v4.2.1.stable.official.b09f793f5 - https://godotengine.org
Vulkan API 1.3.255 - Forward Mobile - Using Vulkan Device #0: AMD - AMD Radeon RX 6600 XT (RADV NAVI23)
 
--- Debugging process stopped ---

2023-12-20T19:05:47:INFO: [_step_commands: 29]
Godot Engine v4.2.1.stable.official.b09f793f5 - https://godotengine.org
Vulkan API 1.3.255 - Forward Mobile - Using Vulkan Device #0: AMD - AMD Radeon RX 6600 XT (RADV NAVI23)
 
--- Debugging process stopped ---

2023-12-20T19:05:52:INFO: [_step_commands: 30]
Godot Engine v4.2.1.stable.official.b09f793f5 - https://godotengine.org
Vulkan API 1.3.255 - Forward Mobile - Using Vulkan Device #0: AMD - AMD Radeon RX 6600 XT (RADV NAVI23)
 
--- Debugging process stopped ---

2023-12-20T19:05:53:INFO: [_step_commands: 31]
Godot Engine v4.2.1.stable.official.b09f793f5 - https://godotengine.org
Vulkan API 1.3.255 - Forward Mobile - Using Vulkan Device #0: AMD - AMD Radeon RX 6600 XT (RADV NAVI23)
 
--- Debugging process stopped ---

